<?xml version="1.0" encoding="UTF-8"?>
<!-- Generated by org.testng.reporters.JUnitReportReporter -->
<testsuite hostname="LAPTOP-BIM2FR3V" failures="0" tests="1" name="testScenarios.MouseHover" time="6.796" errors="0" timestamp="2025-05-27T11:03:56 IST" skipped="0">
  <testcase classname="testScenarios.MouseHover" name="DragAndDrop" time="6.796"/>
  <system-out/>
</testsuite> <!-- testScenarios.MouseHover -->
