<?xml version="1.0" encoding="UTF-8"?>
<!-- Generated by org.testng.reporters.JUnitReportReporter -->
<testsuite hostname="LAPTOP-BIM2FR3V" failures="0" tests="1" name="testScenarios.SwitchingWindows" time="9.932" errors="0" timestamp="2025-05-27T11:34:15 IST" skipped="0">
  <testcase classname="testScenarios.SwitchingWindows" name="switchWin" time="9.932"/>
</testsuite> <!-- testScenarios.SwitchingWindows -->
