<?xml version="1.0" encoding="UTF-8"?>
<!-- Generated by org.testng.reporters.JUnitReportReporter -->
<testsuite hostname="LAPTOP-BIM2FR3V" failures="0" tests="1" name="testScenarios.DynamicHand" time="8.050" errors="0" timestamp="2025-05-27T11:34:15 IST" skipped="0">
  <testcase classname="testScenarios.DynamicHand" name="DynHand" time="8.050"/>
</testsuite> <!-- testScenarios.DynamicHand -->
