<?xml version="1.0" encoding="UTF-8"?>
<!-- Generated by org.testng.reporters.JUnitReportReporter -->
<testsuite hostname="LAPTOP-BIM2FR3V" failures="0" tests="1" name="testScenarios.DatePicker" time="11.729" errors="0" timestamp="2025-05-27T11:34:15 IST" skipped="0">
  <testcase classname="testScenarios.DatePicker" name="selDate" time="11.729"/>
</testsuite> <!-- testScenarios.DatePicker -->
